APP_LOG: 2024/12/20 13:56:32 package_resource.go:11: Starting Search packages ...
APP_LOG: 2024/12/20 13:56:32 db_config.go:11: Starting connect DB
APP_LOG: 2024/12/20 13:56:32 db_config.go:32: Successfully connected to the database!
APP_LOG: 2024/12/20 13:56:32 db_config.go:39: Database connection Successfully Closed!
APP_LOG: 2024/12/20 13:57:13 file_store_resource.go:48: Creating File
APP_LOG: 2024/12/20 13:57:13 file_store_resource.go:76: Created file
APP_LOG: 2024/12/20 13:57:13 file_store_resource.go:158: Reading File and mapping Records
APP_LOG: 2024/12/20 13:57:13 file_store_resource.go:248: Finished to map Struct of Records
APP_LOG: 2024/12/20 13:57:13 file_store_resource.go:95: 01JFJ5QB-40ZMR8N57-MY858YKN7
APP_LOG: 2024/12/20 13:57:13 db_config.go:11: Starting connect DB
APP_LOG: 2024/12/20 13:57:13 db_config.go:32: Successfully connected to the database!
APP_LOG: 2024/12/20 13:57:13 db_config.go:39: Database connection Successfully Closed!
APP_LOG: 2024/12/20 13:57:19 package_resource.go:11: Starting Search packages ...
APP_LOG: 2024/12/20 13:57:19 db_config.go:11: Starting connect DB
APP_LOG: 2024/12/20 13:57:19 db_config.go:32: Successfully connected to the database!
APP_LOG: 2024/12/20 13:57:19 db_config.go:39: Database connection Successfully Closed!
APP_LOG: 2024/12/20 18:56:50 file_store_resource.go:48: Creating File
APP_LOG: 2024/12/20 18:56:50 file_store_resource.go:76: Created file
APP_LOG: 2024/12/20 18:56:50 file_store_resource.go:158: Reading File and mapping Records
APP_LOG: 2024/12/20 18:56:50 file_store_resource.go:248: Finished to map Struct of Records
APP_LOG: 2024/12/20 18:56:50 file_store_resource.go:95: 01JFJPVZ-1GYCEFYY8-7J59G08M8
APP_LOG: 2024/12/20 18:56:50 db_config.go:11: Starting connect DB
APP_LOG: 2024/12/20 18:56:50 db_config.go:32: Successfully connected to the database!
APP_LOG: 2024/12/20 18:56:50 db_config.go:39: Database connection Successfully Closed!
APP_LOG: 2024/12/21 09:22:59 package_resource.go:11: Starting Search packages ...
APP_LOG: 2024/12/21 09:22:59 db_config.go:11: Starting connect DB
APP_LOG: 2024/12/21 09:22:59 db_config.go:32: Successfully connected to the database!
APP_LOG: 2024/12/21 09:22:59 db_config.go:39: Database connection Successfully Closed!
APP_LOG: 2024/12/21 09:23:35 package_resource.go:11: Starting Search packages ...
APP_LOG: 2024/12/21 09:23:35 db_config.go:11: Starting connect DB
APP_LOG: 2024/12/21 09:23:35 db_config.go:32: Successfully connected to the database!
APP_LOG: 2024/12/21 09:23:35 db_config.go:39: Database connection Successfully Closed!
APP_LOG: 2024/12/21 09:24:20 package_resource.go:11: Starting Search packages ...
APP_LOG: 2024/12/21 09:24:20 db_config.go:11: Starting connect DB
APP_LOG: 2024/12/21 09:24:20 db_config.go:32: Successfully connected to the database!
APP_LOG: 2024/12/21 09:24:20 db_config.go:39: Database connection Successfully Closed!
