APP_LOG: 2024/12/21 09:34:17 package_resource.go:11: Starting Search packages ...
APP_LOG: 2024/12/21 09:34:17 db_config.go:11: Starting connect DB
APP_LOG: 2024/12/21 09:34:17 db_config.go:32: Successfully connected to the database!
APP_LOG: 2024/12/21 09:34:17 db_config.go:39: Database connection Successfully Closed!
APP_LOG: 2024/12/21 09:37:33 package_resource.go:11: Starting Search packages ...
APP_LOG: 2024/12/21 09:37:33 db_config.go:11: Starting connect DB
APP_LOG: 2024/12/21 09:37:33 db_config.go:32: Successfully connected to the database!
APP_LOG: 2024/12/21 09:37:33 db_config.go:39: Database connection Successfully Closed!
APP_LOG: 2024/12/21 09:39:08 package_resource.go:11: Starting Search packages ...
APP_LOG: 2024/12/21 09:39:08 db_config.go:11: Starting connect DB
APP_LOG: 2024/12/21 09:39:08 db_config.go:32: Successfully connected to the database!
APP_LOG: 2024/12/21 09:39:08 db_config.go:39: Database connection Successfully Closed!
APP_LOG: 2024/12/21 11:19:16 package_resource.go:11: Starting Search packages ...
APP_LOG: 2024/12/21 11:19:16 db_config.go:11: Starting connect DB
APP_LOG: 2024/12/21 11:19:16 db_config.go:32: Successfully connected to the database!
APP_LOG: 2024/12/21 11:19:16 db_config.go:39: Database connection Successfully Closed!
APP_LOG: 2024/12/22 17:03:13 package_resource.go:11: Starting Search packages ...
APP_LOG: 2024/12/22 17:03:13 db_config.go:11: Starting connect DB
APP_LOG: 2024/12/22 17:03:13 db_config.go:32: Successfully connected to the database!
APP_LOG: 2024/12/22 17:03:13 db_config.go:39: Database connection Successfully Closed!
APP_LOG: 2024/12/22 18:10:28 package_resource.go:11: Starting Search packages ...
APP_LOG: 2024/12/22 18:10:28 db_config.go:11: Starting connect DB
APP_LOG: 2024/12/22 18:10:28 db_config.go:32: Successfully connected to the database!
APP_LOG: 2024/12/22 18:10:28 db_config.go:39: Database connection Successfully Closed!
APP_LOG: 2024/12/22 18:21:11 file_store_resource.go:48: Creating File
APP_LOG: 2024/12/22 18:21:11 file_store_resource.go:76: Created file
APP_LOG: 2024/12/22 18:21:11 file_store_resource.go:158: Reading File and mapping Records
APP_LOG: 2024/12/22 18:21:11 file_store_resource.go:248: Finished to map Struct of Records
APP_LOG: 2024/12/22 18:21:11 file_store_resource.go:95: 01JFQSM3-Q03SBB0NG-NGV1E3NH9
APP_LOG: 2024/12/22 18:21:11 db_config.go:11: Starting connect DB
APP_LOG: 2024/12/22 18:21:11 db_config.go:32: Successfully connected to the database!
APP_LOG: 2024/12/22 18:21:11 db_config.go:39: Database connection Successfully Closed!
APP_LOG: 2024/12/22 18:21:21 package_resource.go:11: Starting Search packages ...
APP_LOG: 2024/12/22 18:21:21 db_config.go:11: Starting connect DB
APP_LOG: 2024/12/22 18:21:21 db_config.go:32: Successfully connected to the database!
APP_LOG: 2024/12/22 18:21:21 db_config.go:39: Database connection Successfully Closed!
