APP_LOG: 2024/12/24 09:10:54 package_resource.go:11: Starting Search packages ...
APP_LOG: 2024/12/24 09:10:54 db_config.go:11: Starting connect DB
APP_LOG: 2024/12/24 09:10:54 db_config.go:32: Successfully connected to the database!
APP_LOG: 2024/12/24 09:10:54 db_config.go:39: Database connection Successfully Closed!
APP_LOG: 2024/12/24 09:11:04 file_store_resource.go:48: Creating File
APP_LOG: 2024/12/24 09:11:04 file_store_resource.go:76: Created file
APP_LOG: 2024/12/24 09:11:04 file_store_resource.go:158: Reading File and mapping Records
APP_LOG: 2024/12/24 09:11:04 file_store_resource.go:248: Finished to map Struct of Records
APP_LOG: 2024/12/24 09:11:04 file_store_resource.go:95: 01JFVYY8-VW5HMAZ5P-VRMNPCWCM
APP_LOG: 2024/12/24 09:11:04 db_config.go:11: Starting connect DB
APP_LOG: 2024/12/24 09:11:04 db_config.go:32: Successfully connected to the database!
APP_LOG: 2024/12/24 09:11:04 db_config.go:39: Database connection Successfully Closed!
APP_LOG: 2024/12/24 09:11:11 package_resource.go:11: Starting Search packages ...
APP_LOG: 2024/12/24 09:11:11 db_config.go:11: Starting connect DB
APP_LOG: 2024/12/24 09:11:11 db_config.go:32: Successfully connected to the database!
APP_LOG: 2024/12/24 09:11:11 db_config.go:39: Database connection Successfully Closed!
APP_LOG: 2024/12/24 09:53:31 file_store_resource.go:48: Creating File
APP_LOG: 2024/12/24 09:53:31 file_store_resource.go:76: Created file
APP_LOG: 2024/12/24 09:53:31 file_store_resource.go:158: Reading File and mapping Records
APP_LOG: 2024/12/24 09:53:31 file_store_resource.go:248: Finished to map Struct of Records
APP_LOG: 2024/12/24 09:53:31 file_store_resource.go:95: 01JFW1C0-385D6V7HH-SWHXYWSYB
APP_LOG: 2024/12/24 09:53:31 db_config.go:11: Starting connect DB
APP_LOG: 2024/12/24 09:53:31 db_config.go:32: Successfully connected to the database!
APP_LOG: 2024/12/24 09:53:31 db_config.go:39: Database connection Successfully Closed!
APP_LOG: 2024/12/24 09:53:41 package_resource.go:11: Starting Search packages ...
APP_LOG: 2024/12/24 09:53:41 db_config.go:11: Starting connect DB
APP_LOG: 2024/12/24 09:53:41 db_config.go:32: Successfully connected to the database!
APP_LOG: 2024/12/24 09:53:41 db_config.go:39: Database connection Successfully Closed!
